
> travoru-app@0.1.0 typecheck /Users/shiraishi/Projects/travoru-app
> tsc -p tsconfig.json --noEmit

app/demo-itinerary/DemoClient.tsx(138,20): error TS2304: Cannot find name 'items'.
app/demo-itinerary/DemoClient.tsx(140,40): error TS2552: Cannot find name 'date'. Did you mean 'Date'?
app/demo-itinerary/DemoClient.tsx(142,30): error TS2552: Cannot find name 'date'. Did you mean 'Date'?
app/demo-itinerary/DemoClient.tsx(154,3): error TS2322: Type 'string' is not assignable to type 'Density | null'.
 ELIFECYCLE  Command failed with exit code 2.
